<?xml version="1.0" encoding="UTF-8"?>
<!-- Generated by org.testng.reporters.JUnitXMLReporter -->
<testsuite ignored="0" hostname="FFE-PraveenM-FFE171" failures="0" tests="4" name="Test" time="6.686" errors="0" timestamp="2025-04-29T21:25:03 IST">
  <testcase classname="RequestChaining.CreateUser" name="Create" time="3.26"/>
  <testcase classname="RequestChaining.getUser" name="Get" time="1.017"/>
  <testcase classname="RequestChaining.UpdateUser" name="Update" time="1.196"/>
  <testcase classname="RequestChaining.DeleteUser" name="delete" time="1.164"/>
</testsuite> <!-- Test -->
