<?xml version="1.0" encoding="UTF-8"?>
<testng-results ignored="0" total="1" passed="1" failed="0" skipped="0">
  <reporter-output>
  </reporter-output>
  <suite started-at="2025-12-22T15:35:05 IST" name="Default suite" finished-at="2025-12-22T15:35:10 IST" duration-ms="4260">
    <groups>
    </groups>
    <test started-at="2025-12-22T15:35:05 IST" name="Default test" finished-at="2025-12-22T15:35:10 IST" duration-ms="4260">
      <class name="A_RestAssured_RahulShettyAcademy_EndToEnd.A_login">
        <test-method signature="logIn()[pri:0, instance:A_RestAssured_RahulShettyAcademy_EndToEnd.A_login@13e344d]" started-at="2025-12-22T15:35:05 IST" name="logIn" finished-at="2025-12-22T15:35:10 IST" duration-ms="4220" status="PASS">
          <reporter-output>
          </reporter-output>
        </test-method> <!-- logIn -->
      </class> <!-- A_RestAssured_RahulShettyAcademy_EndToEnd.A_login -->
    </test> <!-- Default test -->
  </suite> <!-- Default suite -->
</testng-results>
