<?xml version="1.0" encoding="UTF-8"?>
<!-- Generated by org.testng.reporters.JUnitReportReporter -->
<testsuite hostname="FFE-PraveenM-FFE171" failures="0" tests="2" name="Reqres_BDD.DiffWaysToCreatePostMethod" time="2.841" errors="0" timestamp="2025-04-04T08:47:00 IST" skipped="0">
  <testcase classname="Reqres_BDD.DiffWaysToCreatePostMethod" name="postUsingExternalJosnFile" time="2.282"/>
  <testcase classname="Reqres_BDD.DiffWaysToCreatePostMethod" name="delete" time="0.559"/>
</testsuite> <!-- Reqres_BDD.DiffWaysToCreatePostMethod -->
