<?xml version="1.0" encoding="UTF-8"?>
<!-- Generated by org.testng.reporters.JUnitReportReporter -->
<testsuite hostname="FFE-PraveenM-FFE171" failures="0" tests="4" name="Reqres_BDD.All_request" time="28.137" errors="0" timestamp="2025-03-28T17:14:50 IST" skipped="0">
  <testcase classname="Reqres_BDD.All_request" name="get" time="24.268"/>
  <testcase classname="Reqres_BDD.All_request" name="post" time="2.204"/>
  <testcase classname="Reqres_BDD.All_request" name="put" time="0.850"/>
  <testcase classname="Reqres_BDD.All_request" name="delete" time="0.815"/>
</testsuite> <!-- Reqres_BDD.All_request -->
