<?xml version="1.0" encoding="UTF-8"?>
<!-- Generated by org.testng.reporters.JUnitReportReporter -->
<testsuite hostname="FFE-PraveenM-FFE171" failures="0" tests="1" name="A_RestAssured_RahulShetty.POJOclasses.POJO_Serialization.GoogleMaps_AddPlace" time="4.200" errors="0" timestamp="2025-12-18T15:20:53 IST" skipped="0">
  <testcase classname="A_RestAssured_RahulShetty.POJOclasses.POJO_Serialization.GoogleMaps_AddPlace" name="AddPlace" time="4.200"/>
</testsuite> <!-- A_RestAssured_RahulShetty.POJOclasses.POJO_Serialization.GoogleMaps_AddPlace -->
