<?xml version="1.0" encoding="UTF-8"?>
<!-- Generated by org.testng.reporters.JUnitReportReporter -->
<testsuite hostname="FFE-PraveenM-FFE171" failures="0" tests="3" name="Reqres_BDD.Headers" time="3.370" errors="0" timestamp="2025-04-09T21:26:47 IST" skipped="0">
  <testcase classname="Reqres_BDD.Headers" name="VerifyHeaders" time="2.166"/>
  <testcase classname="Reqres_BDD.Headers" name="getHeaders" time="0.512"/>
  <testcase classname="Reqres_BDD.Headers" name="getAllHeadersInfo" time="0.692"/>
</testsuite> <!-- Reqres_BDD.Headers -->
