<?xml version="1.0" encoding="UTF-8"?>
<!-- Generated by org.testng.reporters.JUnitReportReporter -->
<testsuite hostname="FFE-PraveenM-FFE171" failures="0" tests="2" name="restAssuredTests.TC006_BasicValidations_XML" time="2.868" errors="0" timestamp="2025-04-22T21:22:34 IST" skipped="0">
  <testcase classname="restAssuredTests.TC006_BasicValidations_XML" name="ValidateXMLApproach_1" time="2.222"/>
  <testcase classname="restAssuredTests.TC006_BasicValidations_XML" name="ValidateXMLApproach_2" time="0.646"/>
</testsuite> <!-- restAssuredTests.TC006_BasicValidations_XML -->
