<?xml version="1.0" encoding="UTF-8"?>
<!-- Generated by org.testng.reporters.JUnitReportReporter -->
<testsuite hostname="FFE-PraveenM-FFE171" failures="0" tests="2" name="SerializationAndDeSerialization.reqres_Create" time="7.299" errors="0" timestamp="2025-03-27T10:30:44 IST" skipped="0">
  <testcase classname="SerializationAndDeSerialization.reqres_Create" name="create" time="5.706"/>
  <testcase classname="SerializationAndDeSerialization.reqres_Create" name="getCreatedUser" time="1.593"/>
</testsuite> <!-- SerializationAndDeSerialization.reqres_Create -->
