<?xml version="1.0" encoding="UTF-8"?>
<!-- Generated by org.testng.reporters.JUnitReportReporter -->
<testsuite hostname="FFE-PraveenM-FFE171" failures="0" tests="6" name="restAssuredTests.TC005_BasicValidations" time="4.878" errors="0" timestamp="2025-03-21T21:27:31 IST" skipped="0">
  <testcase classname="restAssuredTests.TC005_BasicValidations" name="StatusCode" time="1.436"/>
  <testcase classname="restAssuredTests.TC005_BasicValidations" name="logAll" time="0.206"/>
  <testcase classname="restAssuredTests.TC005_BasicValidations" name="SingleContent" time="0.554"/>
  <testcase classname="restAssuredTests.TC005_BasicValidations" name="MultipleContent" time="0.170"/>
  <testcase classname="restAssuredTests.TC005_BasicValidations" name="setData" time="0.001"/>
  <testcase classname="restAssuredTests.TC005_BasicValidations" name="SetParamsAndHeaders" time="2.511"/>
</testsuite> <!-- restAssuredTests.TC005_BasicValidations -->
