<?xml version="1.0" encoding="UTF-8"?>
<!-- Generated by org.testng.reporters.JUnitReportReporter -->
<testsuite hostname="FFE-PraveenM-FFE171" failures="0" tests="3" name="Reqres_BDD.Cookies" time="2.601" errors="0" timestamp="2025-04-09T21:13:46 IST" skipped="0">
  <testcase classname="Reqres_BDD.Cookies" name="cookie" time="1.664"/>
  <testcase classname="Reqres_BDD.Cookies" name="getcookie" time="0.442"/>
  <testcase classname="Reqres_BDD.Cookies" name="getCookies" time="0.495"/>
</testsuite> <!-- Reqres_BDD.Cookies -->
